 Read back density data from T1e0v000r05P10L1e0.den
  ======== Slice plotting interface: up/down arrows change slice.
  l/r arrows change dimension. s: rescale. p: print. Drag mouse to rotate.
  c: contour plane position. w: toggle web. r/e: rotate.
   5.0000000      1.00000000       0.0000000      1.00000000    
 r, density distribution (ir,itheta)
          30           4
  1.0667  1.7410  1.7354  1.6962  1.7216
  1.2000  1.6904  1.7038  1.7031  1.6981
  1.3333  1.5656  1.6086  1.6327  1.5835
  1.4667  1.5180  1.5149  1.5300  1.5355
  1.6000  1.4634  1.4555  1.4836  1.4557
  1.7333  1.3678  1.3683  1.3914  1.3634
  1.8667  1.2949  1.2938  1.2944  1.2900
  2.0000  1.2282  1.2385  1.2495  1.2259
  2.1333  1.1777  1.1921  1.1687  1.1886
  2.2667  1.1448  1.1478  1.1424  1.1445
  2.4000  1.1080  1.0948  1.0930  1.1063
  2.5333  1.0566  1.0622  1.0557  1.0638
  2.6667  1.0330  1.0224  1.0326  1.0399
  2.8000  1.0027  1.0146  1.0016  1.0023
  2.9333  0.9777  0.9927  0.9856  0.9877
  3.0667  0.9729  0.9776  0.9685  0.9720
  3.2000  0.9543  0.9681  0.9586  0.9605
  3.3333  0.9488  0.9400  0.9440  0.9525
  3.4667  0.9371  0.9254  0.9305  0.9353
  3.6000  0.9340  0.9207  0.9248  0.9305
  3.7333  0.9291  0.9184  0.9275  0.9232
  3.8667  0.9218  0.9159  0.9256  0.9222
  4.0000  0.9244  0.9206  0.9305  0.9263
  4.1333  0.9239  0.9104  0.9270  0.9249
  4.2667  0.9305  0.9218  0.9258  0.9256
  4.4000  0.9252  0.9214  0.9234  0.9228
  4.5333  0.9242  0.9145  0.9304  0.9260
  4.6667  0.9221  0.9175  0.9252  0.9226
  4.8000  0.9262  0.9236  0.9283  0.9242
  4.9333  0.9238  0.9215  0.9275  0.9275
