 Read back potential data from T1e0v000r05P10L1m1.phi
  ======== Slice plotting interface: up/down arrows change slice.
  l/r arrows change dimension. s: rescale. p: print. Drag mouse to rotate.
  c: contour plane position. w: toggle web. r/e: rotate.
   5.0000000    
 r, phi distribution (ir,itheta)
          30           4
  1.0667 -7.9709 -7.9442 -7.9525 -7.9822
  1.2000 -4.2607 -4.0629 -4.0589 -4.1796
  1.3333 -1.6896 -1.9190 -1.8957 -1.6561
  1.4667 -1.1506 -1.1475 -1.2250 -1.1247
  1.6000 -0.6982 -0.8157 -0.8205 -0.7010
  1.7333 -0.4588 -0.4983 -0.4758 -0.4635
  1.8667 -0.3171 -0.3464 -0.3332 -0.3208
  2.0000 -0.2406 -0.2734 -0.2597 -0.2488
  2.1333 -0.1930 -0.2229 -0.2055 -0.2207
  2.2667 -0.1678 -0.1707 -0.1754 -0.1661
  2.4000 -0.1566 -0.1443 -0.1431 -0.1553
  2.5333 -0.1136 -0.1182 -0.1237 -0.1240
  2.6667 -0.1117 -0.0945 -0.1127 -0.1048
  2.8000 -0.0844 -0.0855 -0.1017 -0.0997
  2.9333 -0.0744 -0.0713 -0.0825 -0.0852
  3.0667 -0.0612 -0.0570 -0.0781 -0.0639
  3.2000 -0.0610 -0.0544 -0.0789 -0.0602
  3.3333 -0.0476 -0.0409 -0.0471 -0.0532
  3.4667 -0.0563 -0.0445 -0.0536 -0.0451
  3.6000 -0.0471 -0.0434 -0.0432 -0.0510
  3.7333 -0.0367 -0.0334 -0.0431 -0.0345
  3.8667 -0.0315 -0.0343 -0.0362 -0.0455
  4.0000 -0.0238 -0.0284 -0.0287 -0.0305
  4.1333 -0.0226 -0.0249 -0.0301 -0.0225
  4.2667 -0.0190 -0.0304 -0.0326 -0.0204
  4.4000 -0.0141 -0.0271 -0.0297 -0.0231
  4.5333 -0.0075 -0.0293 -0.0106 -0.0130
  4.6667 -0.0102 -0.0233 -0.0138 -0.0153
  4.8000 -0.0058 -0.0174 -0.0064 -0.0162
  4.9333 -0.0186 -0.0200 -0.0158 -0.0244
